[debug] [2023-04-01T02:22:56.230Z] ----------------------------------------------------------------------
[debug] [2023-04-01T02:22:56.232Z] Command:       C:\Program Files\nodejs\node.exe C:\Users\HP\AppData\Roaming\npm\node_modules\firebase-tools\lib\bin\firebase.js deploy
[debug] [2023-04-01T02:22:56.233Z] CLI Version:   11.25.2
[debug] [2023-04-01T02:22:56.233Z] Platform:      win32
[debug] [2023-04-01T02:22:56.233Z] Node Version:  v18.15.0
[debug] [2023-04-01T02:22:56.234Z] Time:          Fri Mar 31 2023 19:22:56 GMT-0700 (Pacific Daylight Time)
[debug] [2023-04-01T02:22:56.234Z] ----------------------------------------------------------------------
[debug] 
[debug] [2023-04-01T02:22:56.300Z] > command requires scopes: ["email","openid","https://www.googleapis.com/auth/cloudplatformprojects.readonly","https://www.googleapis.com/auth/firebase","https://www.googleapis.com/auth/cloud-platform"]
[debug] [2023-04-01T02:22:56.300Z] > authorizing via signed-in user (suriyamarley70@gmail.com)
[debug] [2023-04-01T02:22:56.300Z] [iam] checking project food-delivery-37c59 for permissions ["firebase.projects.get","firebasehosting.sites.update"]
[debug] [2023-04-01T02:22:56.303Z] >>> [apiv2][query] POST https://cloudresourcemanager.googleapis.com/v1/projects/food-delivery-37c59:testIamPermissions [none]
[debug] [2023-04-01T02:22:56.303Z] >>> [apiv2][(partial)header] POST https://cloudresourcemanager.googleapis.com/v1/projects/food-delivery-37c59:testIamPermissions x-goog-quota-user=projects/food-delivery-37c59
[debug] [2023-04-01T02:22:56.303Z] >>> [apiv2][body] POST https://cloudresourcemanager.googleapis.com/v1/projects/food-delivery-37c59:testIamPermissions {"permissions":["firebase.projects.get","firebasehosting.sites.update"]}
[debug] [2023-04-01T02:22:58.097Z] <<< [apiv2][status] POST https://cloudresourcemanager.googleapis.com/v1/projects/food-delivery-37c59:testIamPermissions 200
[debug] [2023-04-01T02:22:58.098Z] <<< [apiv2][body] POST https://cloudresourcemanager.googleapis.com/v1/projects/food-delivery-37c59:testIamPermissions {}
[debug] [2023-04-01T02:22:58.098Z] [iam] error while checking permissions, command may fail: FirebaseError: Authorization failed. This account is missing the following required permissions on project food-delivery-37c59:

  firebase.projects.get
  firebasehosting.sites.update
[debug] [2023-04-01T02:22:58.100Z] >>> [apiv2][query] GET https://firebase.googleapis.com/v1beta1/projects/food-delivery-37c59 [none]
[debug] [2023-04-01T02:22:59.047Z] <<< [apiv2][status] GET https://firebase.googleapis.com/v1beta1/projects/food-delivery-37c59 403
[debug] [2023-04-01T02:22:59.047Z] <<< [apiv2][body] GET https://firebase.googleapis.com/v1beta1/projects/food-delivery-37c59 {"error":{"code":403,"message":"The caller does not have permission","status":"PERMISSION_DENIED"}}
[debug] [2023-04-01T02:22:59.048Z] HTTP Error: 403, The caller does not have permission
[debug] [2023-04-01T02:22:59.305Z] FirebaseError: HTTP Error: 403, The caller does not have permission
    at responseToError (C:\Users\HP\AppData\Roaming\npm\node_modules\firebase-tools\lib\responseToError.js:49:12)
    at RetryOperation._fn (C:\Users\HP\AppData\Roaming\npm\node_modules\firebase-tools\lib\apiv2.js:288:77)
    at process.processTicksAndRejections (node:internal/process/task_queues:95:5)
[error] 
[error] Error: Failed to get Firebase project food-delivery-37c59. Please make sure the project exists and your account has permission to access it.
